info it worked if it ends with ok
verbose cli [ 'node', '/usr/local/bin/npm', 'start' ]
info using npm@1.1.24
info using node@v0.8.22
verbose config file /home/neemzy/.npmrc
verbose config file /usr/local/etc/npmrc
verbose config file /usr/local/lib/node_modules/npm/npmrc
verbose caching /var/www/messenger.io/package.json
verbose loadDefaults application-name@0.0.1
verbose run-script [ 'prestart', 'start', 'poststart' ]
info prestart application-name@0.0.1
info start application-name@0.0.1
verbose unsafe-perm in lifecycle true
silly exec sh "-c" "node app"
silly spawning [ 'sh', [ '-c', 'node app' ], '/var/www/messenger.io' ]
info application-name@0.0.1 Failed to exec start script
ERR! application-name@0.0.1 start: `node app`
ERR! `sh "-c" "node app"` failed with 1
ERR! 
ERR! Failed at the application-name@0.0.1 start script.
ERR! This is most likely a problem with the application-name package,
ERR! not with npm itself.
ERR! Tell the author that this fails on your system:
ERR!     node app
ERR! You can get their info via:
ERR!     npm owner ls application-name
ERR! There is likely additional logging output above.
ERR! 
ERR! System Linux 3.11.0-12-generic
ERR! command "node" "/usr/local/bin/npm" "start"
ERR! cwd /var/www/messenger.io
ERR! node -v v0.8.22
ERR! npm -v 1.1.24
ERR! code ELIFECYCLE
ERR! message application-name@0.0.1 start: `node app`
ERR! message `sh "-c" "node app"` failed with 1
ERR! errno {}
verbose exit [ 1, true ]
